
0.0.8

  * docker: Fix docker.sh example file
  * README: fix dockersh example

  - mh-cbon <mh-cbon@users.noreply.github.com>

-- mh-cbon <mh-cbon@users.noreply.github.com>; Fri, 15 Jul 2016 20:54:33 +0200



0.0.7

  * travis: update build script
  * README: update travis section

  - mh-cbon <mh-cbon@users.noreply.github.com>

-- mh-cbon <mh-cbon@users.noreply.github.com>; Thu, 14 Jul 2016 19:13:33 +0200



0.0.6

  * travis: update build script

  - mh-cbon <mh-cbon@users.noreply.github.com>

-- mh-cbon <mh-cbon@users.noreply.github.com>; Thu, 14 Jul 2016 17:21:54 +0200



0.0.5

  * travis: fix deploy section

  - mh-cbon <mh-cbon@users.noreply.github.com>

-- mh-cbon <mh-cbon@users.noreply.github.com>; Thu, 14 Jul 2016 16:21:47 +0200



0.0.4

  * travis: fix deploy section

  - mh-cbon <mh-cbon@users.noreply.github.com>

-- mh-cbon <mh-cbon@users.noreply.github.com>; Thu, 14 Jul 2016 16:11:32 +0200



0.0.3

  * travis: fix deploy section

  - mh-cbon <mh-cbon@users.noreply.github.com>

-- mh-cbon <mh-cbon@users.noreply.github.com>; Thu, 14 Jul 2016 16:01:41 +0200



0.0.2

  * release: fix package name

  - mh-cbon <mh-cbon@users.noreply.github.com>

-- mh-cbon <mh-cbon@users.noreply.github.com>; Thu, 14 Jul 2016 15:51:46 +0200



0.0.1

  * Initial release

  - mh-cbon <mh-cbon@users.noreply.github.com>

-- mh-cbon <mh-cbon@users.noreply.github.com>; Thu, 14 Jul 2016 15:41:28 +0200


